/Users/pablo/celestiary/java/http
net.http.Server.port=8080
net.http.Server.log=true
net.http.Server.index=index.html
net.http.Server.ssl=false
mime(application/octet), filename(/): Wed, 16 Dec 2020 19:01:38 GMT 302 path(/)
HTTP/1.0 302 Content-Length: 1241
Content-Type: application/octet; charset=UTF-8
Cache-Control: private, max-age=0
Expires: -1
Server: yo
Date: Wed, 16 Dec 2020 19:01:38 GMT



mime(application/octet), filename(/): Wed, 16 Dec 2020 19:01:39 GMT 302 path(/)
HTTP/1.0 302 Content-Length: 1241
Content-Type: application/octet; charset=UTF-8
Cache-Control: private, max-age=0
Expires: -1
Server: yo
Date: Wed, 16 Dec 2020 19:01:39 GMT



mime(application/octet), filename(/): Wed, 16 Dec 2020 19:01:44 GMT 302 path(/)
HTTP/1.0 302 Content-Length: 1241
Content-Type: application/octet; charset=UTF-8
Cache-Control: private, max-age=0
Expires: -1
Server: yo
Date: Wed, 16 Dec 2020 19:01:44 GMT



mime(application/octet), filename(/): Wed, 16 Dec 2020 19:02:14 GMT 302 path(/)
HTTP/1.0 302 Content-Length: 1241
Content-Type: application/octet; charset=UTF-8
Cache-Control: private, max-age=0
Expires: -1
Server: yo
Date: Wed, 16 Dec 2020 19:02:14 GMT



mime(application/octet), filename(/): Wed, 16 Dec 2020 19:06:37 GMT 302 path(/)
HTTP/1.0 302 Content-Length: 1241
Content-Type: application/octet; charset=UTF-8
Cache-Control: private, max-age=0
Expires: -1
Server: yo
Date: Wed, 16 Dec 2020 19:06:37 GMT



